============================= test session starts ==============================
platform linux -- Python 3.13.12, pytest-9.0.3, pluggy-1.5.0 -- /home/lizy/miniconda3/bin/python
cachedir: .pytest_cache
rootdir: /home/lizy/projects/LzyProjs
configfile: pyproject.toml
plugins: asyncio-1.4.0, anyio-4.10.0
asyncio: mode=Mode.AUTO, debug=False, asyncio_default_fixture_loop_scope=None, asyncio_default_test_loop_scope=function
collecting ... collected 450 items

tests/concurrency/test_concurrency.py::test_gather_with_limit_basic PASSED [  0%]
tests/concurrency/test_concurrency.py::test_gather_with_limit_concurrency_limit PASSED [  0%]
tests/concurrency/test_concurrency.py::test_gather_with_limit_fail_fast PASSED [  0%]
tests/concurrency/test_concurrency.py::test_gather_with_limit_collect_all PASSED [  0%]
tests/concurrency/test_concurrency.py::test_gather_with_limit_skip_failed PASSED [  1%]
tests/concurrency/test_concurrency.py::test_gather_with_limit_empty PASSED [  1%]
tests/concurrency/test_concurrency.py::test_gather_with_limit_progress_callback PASSED [  1%]
tests/concurrency/test_concurrency.py::test_gather_with_limit_invalid_concurrency PASSED [  1%]
tests/concurrency/test_concurrency.py::test_run_in_batches_basic PASSED  [  2%]
tests/concurrency/test_concurrency.py::test_run_in_batches_inter_batch_delay PASSED [  2%]
tests/concurrency/test_concurrency.py::test_run_in_batches_empty PASSED  [  2%]
tests/concurrency/test_concurrency.py::test_run_in_batches_invalid_batch_size PASSED [  2%]
tests/concurrency/test_concurrency.py::test_with_timeout_normal PASSED   [  2%]
tests/concurrency/test_concurrency.py::test_with_timeout_exceeds PASSED  [  3%]
tests/concurrency/test_concurrency.py::test_with_timeout_invalid_timeout PASSED [  3%]
tests/concurrency/test_concurrency.py::test_with_timeout_custom_message PASSED [  3%]
tests/concurrency/test_concurrency.py::test_gather_with_retry_first_success PASSED [  3%]
tests/concurrency/test_concurrency.py::test_gather_with_retry_retry_then_success PASSED [  4%]
tests/concurrency/test_concurrency.py::test_gather_with_retry_all_fail PASSED [  4%]
tests/concurrency/test_concurrency.py::test_gather_with_retry_non_retryable PASSED [  4%]
tests/concurrency/test_concurrency.py::test_gather_with_retry_skip_failed PASSED [  4%]
tests/concurrency/test_concurrency.py::test_pool_basic PASSED            [  4%]
tests/concurrency/test_concurrency.py::test_pool_concurrency_limit PASSED [  5%]
tests/concurrency/test_concurrency.py::test_pool_stats PASSED            [  5%]
tests/concurrency/test_concurrency.py::test_pool_invalid_concurrency PASSED [  5%]
tests/concurrency/test_concurrency.py::test_task_group_async_with PASSED [  5%]
tests/concurrency/test_concurrency.py::test_task_group_task_failure PASSED [  6%]
tests/concurrency/test_concurrency.py::test_task_group_manual_wait PASSED [  6%]
tests/concurrency/test_concurrency.py::test_composite_error_attributes PASSED [  6%]
tests/concurrency/test_concurrency.py::test_composite_error_str_format PASSED [  6%]
tests/concurrency/test_concurrency.py::test_error_strategy_values PASSED [  6%]
tests/context/test_ctx.py::TestContextBasic::test_request_context_basic PASSED [  7%]
tests/context/test_ctx.py::TestContextBasic::test_auto_generate_request_id PASSED [  7%]
tests/context/test_ctx.py::TestContextBasic::test_ctx_set_dynamic PASSED [  7%]
tests/context/test_ctx.py::TestContextBasic::test_ctx_getall_snapshot PASSED [  7%]
tests/context/test_ctx.py::TestContextNesting::test_cleanup_after_exit PASSED [  8%]
tests/context/test_ctx.py::TestContextNesting::test_nested_override PASSED [  8%]
tests/context/test_ctx.py::TestContextNesting::test_nested_new_key_disappears PASSED [  8%]
tests/context/test_ctx.py::TestContextAsync::test_async_with_usage PASSED [  8%]
tests/context/test_ctx.py::TestContextAsync::test_async_task_inheritance PASSED [  8%]
tests/context/test_ctx.py::TestContextUtilities::test_ctx_dump PASSED    [  9%]
tests/context/test_ctx.py::TestContextUtilities::test_ctx_clear PASSED   [  9%]
tests/context/test_ctx.py::TestContextUtilities::test_ctx_get_default PASSED [  9%]
tests/context/test_ctx.py::TestLogInjection::test_enable_log_injection PASSED [  9%]
tests/context/test_ctx.py::TestPropagation::test_get_propagation_headers PASSED [ 10%]
tests/context/test_ctx.py::TestPropagation::test_get_propagation_headers_custom_map PASSED [ 10%]
tests/context/test_ctx.py::TestPropagation::test_inject_headers_to_httpx PASSED [ 10%]
tests/context/test_ctx.py::TestPropagation::test_inject_headers_to_httpx_user_priority PASSED [ 10%]
tests/context/test_ctx.py::TestPropagation::test_serialize_context PASSED [ 10%]
tests/context/test_ctx.py::TestPropagation::test_deserialize_context PASSED [ 11%]
tests/context/test_ctx.py::TestPropagation::test_deserialize_context_cleanup PASSED [ 11%]
tests/context/test_ctx.py::TestMiddleware::test_middleware_request_id_from_header PASSED [ 11%]
tests/context/test_ctx.py::TestMiddleware::test_middleware_auto_generate_request_id PASSED [ 11%]
tests/context/test_ctx.py::TestMiddleware::test_middleware_response_header PASSED [ 12%]
tests/context/test_ctx.py::TestMiddleware::test_middleware_client_ip PASSED [ 12%]
tests/context/test_ctx.py::TestConcurrency::test_concurrent_isolation PASSED [ 12%]
tests/crypto/test_encrypt.py::TestEncryptDecrypt::test_encrypt_decrypt_roundtrip PASSED [ 12%]
tests/crypto/test_encrypt.py::TestEncryptDecrypt::test_decrypt_wrong_key PASSED [ 12%]
tests/crypto/test_encrypt.py::TestEncryptDecrypt::test_decrypt_tampered_ciphertext PASSED [ 13%]
tests/crypto/test_encrypt.py::TestEncryptDecrypt::test_decrypt_ttl_expired PASSED [ 13%]
tests/crypto/test_encrypt.py::TestEncryptDecrypt::test_encrypt_str_decrypt_str_roundtrip PASSED [ 13%]
tests/crypto/test_encrypt.py::TestEncryptDecrypt::test_generate_fernet_key_valid PASSED [ 13%]
tests/crypto/test_encrypt.py::TestEncryptDecrypt::test_empty_fernet_key_raises PASSED [ 14%]
tests/crypto/test_encrypt.py::TestEncryptDecrypt::test_empty_bytes_roundtrip PASSED [ 14%]
tests/crypto/test_kdf.py::TestHKDF::test_hkdf_different_info_different_keys PASSED [ 14%]
tests/crypto/test_kdf.py::TestHKDF::test_hkdf_deterministic PASSED       [ 14%]
tests/crypto/test_kdf.py::TestHKDF::test_hkdf_default_length PASSED      [ 14%]
tests/crypto/test_kdf.py::TestPBKDF2::test_pbkdf2_deterministic PASSED   [ 15%]
tests/crypto/test_kdf.py::TestCryptoConfig::test_custom_argon2_params PASSED [ 15%]
tests/crypto/test_password.py::TestPasswordHashing::test_hash_password_generates_argon2id PASSED [ 15%]
tests/crypto/test_password.py::TestPasswordHashing::test_verify_password_correct PASSED [ 15%]
tests/crypto/test_password.py::TestPasswordHashing::test_verify_password_wrong PASSED [ 16%]
tests/crypto/test_password.py::TestPasswordHashing::test_verify_password_tampered_hash PASSED [ 16%]
tests/crypto/test_password.py::TestPasswordHashing::test_verify_password_invalid_hash_string PASSED [ 16%]
tests/crypto/test_password.py::TestNeedsRehash::test_needs_rehash_default_params PASSED [ 16%]
tests/crypto/test_password.py::TestNeedsRehash::test_needs_rehash_different_params PASSED [ 16%]
tests/crypto/test_password.py::TestTokenGeneration::test_generate_token_default_length PASSED [ 17%]
tests/crypto/test_password.py::TestTokenGeneration::test_generate_token_uniqueness PASSED [ 17%]
tests/crypto/test_password.py::TestTokenGeneration::test_generate_hex_token_default_length PASSED [ 17%]
tests/crypto/test_password.py::TestTokenGeneration::test_generate_hex_token_uniqueness PASSED [ 17%]
tests/crypto/test_sign.py::TestSignVerify::test_sign_verify_roundtrip PASSED [ 18%]
tests/crypto/test_sign.py::TestSignVerify::test_verify_wrong_signature PASSED [ 18%]
tests/crypto/test_sign.py::TestSignVerify::test_verify_tampered_data PASSED [ 18%]
tests/crypto/test_sign.py::TestSha256::test_sha256_deterministic PASSED  [ 18%]
tests/crypto/test_sign.py::TestSha256::test_sha256_hex_alias PASSED      [ 18%]
tests/crypto/test_sign.py::TestSha256::test_sha256_output_length PASSED  [ 19%]
tests/email/test_dry_run.py::TestDryRunSender::test_send_records_and_returns_success PASSED [ 19%]
tests/email/test_dry_run.py::TestDryRunSender::test_send_bulk_records_all PASSED [ 19%]
tests/email/test_dry_run.py::TestDryRunSender::test_reset_clears_records PASSED [ 19%]
tests/email/test_dry_run.py::TestDryRunSender::test_sent_emails_returns_readonly_copy PASSED [ 20%]
tests/email/test_models.py::test_email_basic_creation PASSED             [ 20%]
tests/email/test_models.py::test_email_to_as_list PASSED                 [ 20%]
tests/email/test_models.py::test_email_empty_subject_raises PASSED       [ 20%]
tests/email/test_models.py::test_email_empty_to_raises PASSED            [ 20%]
tests/email/test_models.py::test_email_all_recipients PASSED             [ 21%]
tests/email/test_models.py::test_attachment_creation PASSED              [ 21%]
tests/email/test_models.py::test_inline_image_creation PASSED            [ 21%]
tests/email/test_sender.py::test_smtp_sender_stores_config PASSED        [ 21%]
tests/email/test_sender.py::test_build_message_basic_headers PASSED      [ 22%]
tests/email/test_sender.py::test_build_message_with_attachments PASSED   [ 22%]
tests/email/test_sender.py::test_build_message_inline_images_content_id PASSED [ 22%]
tests/email/test_sender.py::test_build_message_reply_to PASSED           [ 22%]
tests/email/test_sender.py::test_build_message_custom_headers PASSED     [ 22%]
tests/email/test_sender.py::test_send_connection_failure_raises_send_error PASSED [ 23%]
tests/email/test_sender.py::test_send_smtp_rejection_returns_failure PASSED [ 23%]
tests/email/test_sender.py::test_bcc_not_in_mime_headers PASSED          [ 23%]
tests/email/test_sender.py::test_bcc_in_all_recipients PASSED            [ 23%]
tests/email/test_sender.py::test_build_message_produces_multipart_mixed PASSED [ 24%]
tests/email/test_sender.py::test_build_message_with_inline_images_has_related PASSED [ 24%]
tests/email/test_sender.py::test_send_success_returns_send_result PASSED [ 24%]
tests/email/test_sender.py::test_send_bulk_respects_batch_size PASSED    [ 24%]
tests/email/test_sender.py::test_close_quits_smtp PASSED                 [ 24%]
tests/email/test_sender.py::test_close_idempotent PASSED                 [ 25%]
tests/email/test_template.py::test_render_with_template_variables PASSED [ 25%]
tests/email/test_template.py::test_render_nonexistent_template_raises PASSED [ 25%]
tests/email/test_template.py::test_render_plain_text_fallback PASSED     [ 25%]
tests/email/test_template.py::test_html_to_plain PASSED                  [ 26%]
tests/errors/test_app_error.py::TestAppError::test_app_error_creation PASSED [ 26%]
tests/errors/test_app_error.py::TestAppError::test_app_error_detail_alias PASSED [ 26%]
tests/errors/test_app_error.py::TestAppError::test_app_error_status_code_alias PASSED [ 26%]
tests/errors/test_app_error.py::TestAppError::test_to_dict_without_context PASSED [ 26%]
tests/errors/test_app_error.py::TestAppError::test_to_dict_with_context PASSED [ 27%]
tests/errors/test_app_error.py::TestAppError::test_app_error_is_exception PASSED [ 27%]
tests/errors/test_app_error.py::TestAppError::test_app_error_chain PASSED [ 27%]
tests/errors/test_app_error.py::TestAppError::test_app_error_context_default_empty PASSED [ 27%]
tests/errors/test_app_error.py::TestAppError::test_app_error_with_context PASSED [ 28%]
tests/errors/test_codes.py::TestCommonErrors::test_all_15_entries_exist PASSED [ 28%]
tests/errors/test_codes.py::TestCommonErrors::test_param_missing_with_param PASSED [ 28%]
tests/errors/test_codes.py::TestCommonErrors::test_token_expired_no_params PASSED [ 28%]
tests/errors/test_codes.py::TestCommonErrors::test_resource_not_found_with_resource PASSED [ 28%]
tests/errors/test_handler.py::TestSetupErrorHandlers::test_setup_without_error PASSED [ 29%]
tests/errors/test_handler.py::TestSetupErrorHandlers::test_app_error_handler PASSED [ 29%]
tests/errors/test_handler.py::TestSetupErrorHandlers::test_validation_error_handler PASSED [ 29%]
tests/errors/test_handler.py::TestSetupErrorHandlers::test_global_exception_handler PASSED [ 29%]
tests/errors/test_handler.py::TestSetupErrorHandlers::test_normal_request_unaffected PASSED [ 30%]
tests/errors/test_handler.py::TestSetupErrorHandlers::test_app_error_with_context PASSED [ 30%]
tests/errors/test_log.py::TestLogError::test_5xx_app_error_logs_error PASSED [ 30%]
tests/errors/test_log.py::TestLogError::test_4xx_app_error_logs_warning PASSED [ 30%]
tests/errors/test_log.py::TestLogError::test_non_app_error_logs_error PASSED [ 30%]
tests/errors/test_registry.py::TestErrorEntry::test_entry_creation_and_registration PASSED [ 31%]
tests/errors/test_registry.py::TestErrorEntry::test_entry_call_without_kwargs PASSED [ 31%]
tests/errors/test_registry.py::TestErrorEntry::test_entry_call_with_kwargs PASSED [ 31%]
tests/errors/test_registry.py::TestErrorEntry::test_duplicate_code_raises PASSED [ 31%]
tests/errors/test_registry.py::TestErrorEntry::test_entry_is_frozen PASSED [ 32%]
tests/errors/test_registry.py::TestErrorRegistry::test_registry_entries PASSED [ 32%]
tests/errors/test_registry.py::TestErrorRegistry::test_registry_codes PASSED [ 32%]
tests/errors/test_registry.py::TestRegistryFunctions::test_check_conflicts_no_conflict PASSED [ 32%]
tests/errors/test_registry.py::TestRegistryFunctions::test_clear_registry PASSED [ 32%]
tests/errors/test_registry.py::TestRegistryFunctions::test_get_all_entries_returns_copy PASSED [ 33%]
tests/http_client/test_client.py::TestHttpClientLifecycle::test_init_and_close PASSED [ 33%]
tests/http_client/test_client.py::TestHttpClientLifecycle::test_client_before_init_raises PASSED [ 33%]
tests/http_client/test_client.py::TestHttpClientLifecycle::test_async_context_manager PASSED [ 33%]
tests/http_client/test_client.py::TestHttpClientLifecycle::test_init_idempotent PASSED [ 34%]
tests/http_client/test_client.py::TestHttpClientLifecycle::test_client_is_native_httpx PASSED [ 34%]
tests/http_client/test_client.py::TestHttpClientTransportAssembly::test_build_transport_no_config PASSED [ 34%]
tests/http_client/test_client.py::TestHttpClientTransportAssembly::test_build_transport_with_retry PASSED [ 34%]
tests/http_client/test_client.py::TestHttpClientTransportAssembly::test_build_transport_with_circuit_breaker PASSED [ 34%]
tests/http_client/test_client.py::TestHttpClientTransportAssembly::test_build_transport_with_both PASSED [ 35%]
tests/http_client/test_client.py::TestHttpClientRequests::test_get_request PASSED [ 35%]
tests/http_client/test_client.py::TestHttpClientRequests::test_post_request PASSED [ 35%]
tests/http_client/test_health.py::TestHttpHealth::test_check_healthy PASSED [ 35%]
tests/http_client/test_health.py::TestHttpHealth::test_check_unhealthy PASSED [ 36%]
tests/http_client/test_health.py::TestHttpHealth::test_check_unreachable PASSED [ 36%]
tests/http_client/test_health.py::TestHttpHealth::test_check_custom_health_path PASSED [ 36%]
tests/http_client/test_health.py::TestHttpHealth::test_check_reports_circuit_breaker_state PASSED [ 36%]
tests/http_client/test_transport.py::TestRetryTransport::test_no_retry_on_success PASSED [ 36%]
tests/http_client/test_transport.py::TestRetryTransport::test_retry_on_retryable_status PASSED [ 37%]
tests/http_client/test_transport.py::TestRetryTransport::test_retry_exhausted_raises PASSED [ 37%]
tests/http_client/test_transport.py::TestRetryTransport::test_retry_on_connect_error PASSED [ 37%]
tests/http_client/test_transport.py::TestRetryTransport::test_no_retry_on_non_retryable_status PASSED [ 37%]
tests/http_client/test_transport.py::TestCircuitBreakerTransport::test_closed_state_allows_requests PASSED [ 38%]
tests/http_client/test_transport.py::TestCircuitBreakerTransport::test_opens_after_threshold_failures PASSED [ 38%]
tests/http_client/test_transport.py::TestCircuitBreakerTransport::test_open_state_rejects_requests PASSED [ 38%]
tests/http_client/test_transport.py::TestCircuitBreakerTransport::test_half_open_after_recovery_timeout PASSED [ 38%]
tests/http_client/test_transport.py::TestCircuitBreakerTransport::test_success_resets_failure_count PASSED [ 38%]
tests/http_client/test_transport.py::TestCircuitBreakerTransport::test_connect_error_counts_as_failure PASSED [ 39%]
tests/id_generator/test_generator.py::TestIDGenerator::test_new_returns_positive_int PASSED [ 39%]
tests/id_generator/test_generator.py::TestIDGenerator::test_new_64bit PASSED [ 39%]
tests/id_generator/test_generator.py::TestIDGenerator::test_new_unique PASSED [ 39%]
tests/id_generator/test_generator.py::TestIDGenerator::test_new_monotonic PASSED [ 40%]
tests/id_generator/test_generator.py::TestIDGenerator::test_batch_count PASSED [ 40%]
tests/id_generator/test_generator.py::TestIDGenerator::test_batch_unique PASSED [ 40%]
tests/id_generator/test_generator.py::TestIDGenerator::test_batch_monotonic PASSED [ 40%]
tests/id_generator/test_generator.py::TestIDGenerator::test_batch_zero_raises PASSED [ 40%]
tests/id_generator/test_generator.py::TestIDGenerator::test_batch_negative_raises PASSED [ 41%]
tests/id_generator/test_generator.py::TestIDGenerator::test_new_prefixed PASSED [ 41%]
tests/id_generator/test_generator.py::TestIDGenerator::test_different_worker_ids PASSED [ 41%]
tests/id_generator/test_generator.py::TestIDGenerator::test_clock_backward PASSED [ 41%]
tests/id_generator/test_generator.py::TestIDGenerator::test_sequence_overflow PASSED [ 42%]
tests/id_generator/test_trace.py::TestTraceContext::test_root PASSED     [ 42%]
tests/id_generator/test_trace.py::TestTraceContext::test_child_span PASSED [ 42%]
tests/id_generator/test_trace.py::TestTraceContext::test_to_traceparent PASSED [ 42%]
tests/id_generator/test_trace.py::TestTraceContext::test_from_traceparent_valid PASSED [ 42%]
tests/id_generator/test_trace.py::TestTraceContext::test_from_traceparent_invalid_format PASSED [ 43%]
tests/id_generator/test_trace.py::TestTraceContext::test_from_traceparent_invalid_hex PASSED [ 43%]
tests/id_generator/test_trace.py::TestTraceContext::test_roundtrip PASSED [ 43%]
tests/id_generator/test_trace.py::TestTraceContext::test_repr PASSED     [ 43%]
tests/id_generator/test_trace.py::TestTraceGenerator::test_trace_id_length PASSED [ 44%]
tests/id_generator/test_trace.py::TestTraceGenerator::test_span_id_length PASSED [ 44%]
tests/id_generator/test_trace.py::TestTraceGenerator::test_new_trace PASSED [ 44%]
tests/id_generator/test_trace.py::TestTraceGenerator::test_uniqueness PASSED [ 44%]
tests/id_generator/test_trace.py::TestTraceGenerator::test_from_traceparent PASSED [ 44%]
tests/logger/test_logger.py::TestLogfmtFormatter::test_basic_format PASSED [ 45%]
tests/logger/test_logger.py::TestLogfmtFormatter::test_format_with_extra PASSED [ 45%]
tests/logger/test_logger.py::TestLogfmtFormatter::test_format_no_extra PASSED [ 45%]
tests/logger/test_logger.py::TestLogfmtFormatter::test_fmt_output_excluded_from_kv PASSED [ 45%]
tests/logger/test_logger.py::TestLogfmtFormatter::test_format_includes_timestamp PASSED [ 46%]
tests/logger/test_logger.py::TestJsonFormatter::test_json_format PASSED  [ 46%]
tests/logger/test_logger.py::TestSetupAndGet::test_setup_default PASSED  [ 46%]
tests/logger/test_logger.py::TestSetupAndGet::test_setup_with_config PASSED [ 46%]
tests/logger/test_logger.py::TestSetupAndGet::test_get_returns_logger PASSED [ 46%]
tests/logger/test_logger.py::TestSetupAndGet::test_get_auto_setups PASSED [ 47%]
tests/logger/test_logger.py::TestSetupAndGet::test_setup_json_output PASSED [ 47%]
tests/logger/test_logger.py::TestSetupAndGet::test_logconfig_dataclass PASSED [ 47%]
tests/logger/test_logger.py::TestSetupAndGet::test_logconfig_custom_sinks PASSED [ 47%]
tests/metrics/test_alerter.py::TestAlertEvaluator::test_first_trigger_pending PASSED [ 48%]
tests/metrics/test_alerter.py::TestAlertEvaluator::test_pending_to_firing PASSED [ 48%]
tests/metrics/test_alerter.py::TestAlertEvaluator::test_firing_to_ok PASSED [ 48%]
tests/metrics/test_alerter.py::TestAlertEvaluator::test_cooldown_suppresses PASSED [ 48%]
tests/metrics/test_alerter.py::TestAlertEvaluator::test_invalid_condition PASSED [ 48%]
tests/metrics/test_alerter.py::TestAlertEvaluator::test_nan_value PASSED [ 49%]
tests/metrics/test_alerter.py::TestAlertEvaluator::test_get_state PASSED [ 49%]
tests/metrics/test_alerter.py::TestAlertEvaluator::test_get_all_states PASSED [ 49%]
tests/metrics/test_alerter.py::TestAlertEvaluator::test_parse_condition_operators PASSED [ 49%]
tests/metrics/test_alerter.py::TestAlertEvaluator::test_parse_duration_units PASSED [ 50%]
tests/metrics/test_collector.py::TestMetricsCollector::test_counter_gauge_histogram PASSED [ 50%]
tests/metrics/test_collector.py::TestMetricsCollector::test_prometheus_exposition PASSED [ 50%]
tests/metrics/test_collector.py::TestMetricsCollector::test_prometheus_exposition_empty PASSED [ 50%]
tests/metrics/test_collector.py::TestMetricsCollector::test_prometheus_exposition_counter_aggregation PASSED [ 50%]
tests/metrics/test_collector.py::TestMetricsCollector::test_prometheus_exposition_no_labels PASSED [ 51%]
tests/metrics/test_collector.py::TestMetricsCollector::test_prometheus_exposition_no_eval PASSED [ 51%]
tests/metrics/test_collector.py::TestMetricsCollector::test_flush_failure_preserves_data PASSED [ 51%]
tests/metrics/test_collector.py::TestMetricsCollector::test_flush_success_clears_data PASSED [ 51%]
tests/metrics/test_collector.py::TestMetricsCollector::test_init_creates_http_client PASSED [ 52%]
tests/metrics/test_metrics.py::TestMetricsConfig::test_defaults PASSED   [ 52%]
tests/metrics/test_metrics.py::TestMetricsConfig::test_custom_values PASSED [ 52%]
tests/metrics/test_metrics.py::TestMetricsConfig::test_invalid_type PASSED [ 52%]
tests/metrics/test_metrics_health.py::TestMetricsHealth::test_all_healthy PASSED [ 52%]
tests/metrics/test_metrics_health.py::TestMetricsHealth::test_vm_down PASSED [ 53%]
tests/metrics/test_metrics_health.py::TestMetricsHealth::test_no_components PASSED [ 53%]
tests/metrics/test_models.py::TestMetricPoint::test_creation_defaults PASSED [ 53%]
tests/metrics/test_models.py::TestMetricPoint::test_with_labels PASSED   [ 53%]
tests/metrics/test_models.py::TestMetricPoint::test_with_timestamp PASSED [ 54%]
tests/metrics/test_models.py::TestMetricBatch::test_creation PASSED      [ 54%]
tests/metrics/test_models.py::TestMetricBatch::test_empty_points PASSED  [ 54%]
tests/metrics/test_models.py::TestEnums::test_metric_type_values PASSED  [ 54%]
tests/metrics/test_models.py::TestEnums::test_alert_state_values PASSED  [ 54%]
tests/metrics/test_models.py::TestAlertRule::test_defaults PASSED        [ 55%]
tests/metrics/test_models.py::TestAlertRule::test_custom_values PASSED   [ 55%]
tests/metrics/test_models.py::TestAlertEvent::test_creation PASSED       [ 55%]
tests/metrics/test_models.py::TestTimeRange::test_creation PASSED        [ 55%]
tests/metrics/test_models.py::TestQueryResult::test_creation PASSED      [ 56%]
tests/metrics/test_reader.py::TestMetricsReader::test_query_range PASSED [ 56%]
tests/metrics/test_reader.py::TestMetricsReader::test_query_instant PASSED [ 56%]
tests/metrics/test_reader.py::TestMetricsReader::test_label_values PASSED [ 56%]
tests/metrics/test_reader.py::TestMetricsReader::test_not_initialized_raises PASSED [ 56%]
tests/metrics/test_scraper.py::TestScraper::test_generate_exposition PASSED [ 57%]
tests/metrics/test_scraper.py::TestScraper::test_generate_exposition_empty PASSED [ 57%]
tests/metrics/test_writer.py::TestMetricsWriter::test_write_batch PASSED [ 57%]
tests/metrics/test_writer.py::TestMetricsWriter::test_write_batch_empty PASSED [ 57%]
tests/metrics/test_writer.py::TestMetricsWriter::test_flush_to_vm PASSED [ 58%]
tests/metrics/test_writer.py::TestMetricsWriter::test_flush_to_vm_client_reuse PASSED [ 58%]
tests/redis/test_advanced.py::TestSortedSet::test_zadd_zrange PASSED     [ 58%]
tests/redis/test_advanced.py::TestSortedSet::test_zrange_desc PASSED     [ 58%]
tests/redis/test_advanced.py::TestSortedSet::test_zrangebyscore PASSED   [ 58%]
tests/redis/test_advanced.py::TestSortedSet::test_zrem PASSED            [ 59%]
tests/redis/test_advanced.py::TestSortedSet::test_zcard PASSED           [ 59%]
tests/redis/test_advanced.py::TestSortedSet::test_zscore PASSED          [ 59%]
tests/redis/test_advanced.py::TestSortedSet::test_zrank PASSED           [ 59%]
tests/redis/test_advanced.py::TestSortedSet::test_zremrangebyscore PASSED [ 60%]
tests/redis/test_advanced.py::TestSortedSet::test_zadd_nx_xx PASSED      [ 60%]
tests/redis/test_advanced.py::TestLuaScript::test_eval PASSED            [ 60%]
tests/redis/test_advanced.py::TestLuaScript::test_eval_with_keys PASSED  [ 60%]
tests/redis/test_advanced.py::TestLuaScript::test_eval_with_args PASSED  [ 60%]
tests/redis/test_advanced.py::TestLuaScript::test_eval_atomic_compare_and_delete PASSED [ 61%]
tests/redis/test_advanced.py::TestLuaScript::test_eval_wrong_token PASSED [ 61%]
tests/redis/test_advanced.py::TestLuaScript::test_register_script PASSED [ 61%]
tests/redis/test_advanced.py::TestLuaScript::test_evalsha PASSED         [ 61%]
tests/redis/test_advanced.py::TestExecuteCommand::test_execute_set_get PASSED [ 62%]
tests/redis/test_advanced.py::TestExecuteCommand::test_execute_incr PASSED [ 62%]
tests/redis/test_advanced.py::TestExecuteCommand::test_execute_del PASSED [ 62%]
tests/redis/test_advanced.py::TestExecuteCommand::test_execute_hset_hgetall PASSED [ 62%]
tests/redis/test_advanced.py::TestPubSub::test_publish_returns_subscriber_count PASSED [ 62%]
tests/redis/test_advanced.py::TestPubSub::test_subscribe_and_publish PASSED [ 63%]
tests/redis/test_advanced.py::TestPubSub::test_psubscribe_pattern PASSED [ 63%]
tests/redis/test_client.py::TestCacheLifecycle::test_client_property_raises_before_init PASSED [ 63%]
tests/redis/test_client.py::TestCacheLifecycle::test_init_idempotent PASSED [ 63%]
tests/redis/test_client.py::TestStringOps::test_set_and_get PASSED       [ 64%]
tests/redis/test_client.py::TestStringOps::test_get_nonexistent PASSED   [ 64%]
tests/redis/test_client.py::TestStringOps::test_set_with_ex PASSED       [ 64%]
tests/redis/test_client.py::TestStringOps::test_set_nx PASSED            [ 64%]
tests/redis/test_client.py::TestStringOps::test_delete PASSED            [ 64%]
tests/redis/test_client.py::TestStringOps::test_exists PASSED            [ 65%]
tests/redis/test_client.py::TestStringOps::test_expire_and_ttl PASSED    [ 65%]
tests/redis/test_client.py::TestStringOps::test_incr_decr PASSED         [ 65%]
tests/redis/test_client.py::TestStringOps::test_mget_mset PASSED         [ 65%]
tests/redis/test_client.py::TestHashOps::test_hset_hget PASSED           [ 66%]
tests/redis/test_client.py::TestHashOps::test_hgetall PASSED             [ 66%]
tests/redis/test_client.py::TestHashOps::test_hdel PASSED                [ 66%]
tests/redis/test_client.py::TestSetOps::test_sadd_smembers_srem PASSED   [ 66%]
tests/redis/test_client.py::TestListOps::test_lpush_rpush_lrange PASSED  [ 66%]
tests/redis/test_client.py::TestListOps::test_lpop_rpop PASSED           [ 67%]
tests/redis/test_client.py::TestListOps::test_llen PASSED                [ 67%]
tests/redis/test_client.py::TestListOps::test_lindex PASSED              [ 67%]
tests/redis/test_client.py::TestListOps::test_lset PASSED                [ 67%]
tests/redis/test_client.py::TestListOps::test_lrem PASSED                [ 68%]
tests/redis/test_client.py::TestListOps::test_lmove PASSED               [ 68%]
tests/redis/test_client.py::TestListOps::test_blpop_immediate PASSED     [ 68%]
tests/redis/test_client.py::TestListOps::test_blpop_empty_timeout PASSED [ 68%]
tests/redis/test_client.py::TestListOps::test_brpop_immediate PASSED     [ 68%]
tests/redis/test_client.py::TestListOps::test_brpop_empty_timeout PASSED [ 69%]
tests/redis/test_client.py::TestListOps::test_blmove_immediate SKIPPED   [ 69%]
tests/redis/test_client.py::TestScanOps::test_scan PASSED                [ 69%]
tests/redis/test_client.py::TestJsonOps::test_set_json_get_json PASSED   [ 69%]
tests/redis/test_client.py::TestJsonOps::test_get_json_nonexistent PASSED [ 70%]
tests/redis/test_client.py::TestPipeline::test_pipeline PASSED           [ 70%]
tests/redis/test_decorators.py::TestCached::test_caches_result PASSED    [ 70%]
tests/redis/test_decorators.py::TestCached::test_different_args_different_cache PASSED [ 70%]
tests/redis/test_decorators.py::TestCached::test_caches_none_value PASSED [ 70%]
tests/redis/test_decorators.py::TestRateLimit::test_allows_within_limit PASSED [ 71%]
tests/redis/test_decorators.py::TestRateLimit::test_rejects_over_limit PASSED [ 71%]
tests/redis/test_decorators.py::TestRateLimit::test_dynamic_key PASSED   [ 71%]
tests/redis/test_decorators.py::TestRateLimit::test_rate_limit_error_attributes PASSED [ 71%]
tests/redis/test_decorators.py::TestSynchronized::test_executes_with_lock PASSED [ 72%]
tests/redis/test_decorators.py::TestSynchronized::test_key_formatting PASSED [ 72%]
tests/redis/test_health.py::TestCacheHealth::test_pool_stats_ok PASSED   [ 72%]
tests/redis/test_health.py::TestCacheHealth::test_check_ok PASSED        [ 72%]
tests/redis/test_health.py::TestCacheHealth::test_pool_stats_not_initialized PASSED [ 72%]
tests/redis/test_locks.py::TestDistributedLock::test_get_lock_acquire_and_release PASSED [ 73%]
tests/redis/test_locks.py::TestDistributedLock::test_acquire_fails_when_held PASSED [ 73%]
tests/redis/test_locks.py::TestDistributedLock::test_context_manager PASSED [ 73%]
tests/redis/test_locks.py::TestDistributedLock::test_extend PASSED       [ 73%]
tests/redis/test_locks.py::TestDistributedLock::test_release_without_acquire PASSED [ 74%]
tests/redis/test_locks.py::TestDistributedLock::test_concurrent_different_keys PASSED [ 74%]
tests/redis/test_locks.py::TestDistributedLock::test_context_manager_raises_on_failure PASSED [ 74%]
tests/redis/test_stream.py::TestStream::test_xadd_basic PASSED           [ 74%]
tests/redis/test_stream.py::TestStream::test_xadd_returns_valid_id PASSED [ 74%]
tests/redis/test_stream.py::TestStream::test_xadd_data_stored PASSED     [ 75%]
tests/storage/test_storage.py::TestInit::test_init_creates_dir PASSED    [ 75%]
tests/storage/test_storage.py::TestInit::test_init_missing_dir_raises PASSED [ 75%]
tests/storage/test_storage.py::TestPutGet::test_put_and_get PASSED       [ 75%]
tests/storage/test_storage.py::TestPutGet::test_put_with_content_type PASSED [ 76%]
tests/storage/test_storage.py::TestPutGet::test_put_overwrite PASSED     [ 76%]
tests/storage/test_storage.py::TestPutGet::test_put_empty_data PASSED    [ 76%]
tests/storage/test_storage.py::TestPutGet::test_get_after_delete_raises PASSED [ 76%]
tests/storage/test_storage.py::TestDelete::test_delete PASSED            [ 76%]
tests/storage/test_storage.py::TestDelete::test_delete_not_found PASSED  [ 77%]
tests/storage/test_storage.py::TestDelete::test_delete_removes_ct_file PASSED [ 77%]
tests/storage/test_storage.py::TestExists::test_exists PASSED            [ 77%]
tests/storage/test_storage.py::TestInfo::test_info PASSED                [ 77%]
tests/storage/test_storage.py::TestList::test_list PASSED                [ 78%]
tests/storage/test_storage.py::TestList::test_list_empty_prefix PASSED   [ 78%]
tests/storage/test_storage.py::TestList::test_list_nonexistent_prefix PASSED [ 78%]
tests/storage/test_storage.py::TestList::test_list_with_ct_sidecar PASSED [ 78%]
tests/storage/test_storage.py::TestUrl::test_url PASSED                  [ 78%]
tests/storage/test_storage.py::TestUrl::test_url_no_prefix PASSED        [ 79%]
tests/storage/test_storage.py::TestSecurity::test_path_traversal PASSED  [ 79%]
tests/storage/test_storage.py::TestSecurity::test_key_with_leading_slash PASSED [ 79%]
tests/task_queue/test_queue.py::TestTaskQueueInit::test_init_stores_config PASSED [ 79%]
tests/task_queue/test_queue.py::TestTaskQueueInit::test_client_before_init_raises PASSED [ 80%]
tests/task_queue/test_queue.py::TestTaskQueueInit::test_init_creates_pool PASSED [ 80%]
tests/task_queue/test_queue.py::TestTaskQueueInit::test_init_idempotent PASSED [ 80%]
tests/task_queue/test_queue.py::TestTaskQueueInit::test_close PASSED     [ 80%]
tests/task_queue/test_queue.py::TestTaskQueueInit::test_close_when_not_initialized PASSED [ 80%]
tests/task_queue/test_queue.py::TestTaskQueueEnqueue::test_enqueue_success PASSED [ 81%]
tests/task_queue/test_queue.py::TestTaskQueueEnqueue::test_enqueue_with_options PASSED [ 81%]
tests/task_queue/test_queue.py::TestTaskQueueEnqueue::test_enqueue_duplicate_returns_none PASSED [ 81%]
tests/task_queue/test_queue.py::TestTaskQueueEnqueue::test_enqueue_unregistered_task_logs_warning PASSED [ 81%]
tests/task_queue/test_queue.py::TestTaskQueueJobOps::test_job_status PASSED [ 82%]
tests/task_queue/test_queue.py::TestTaskQueueJobOps::test_job_result PASSED [ 82%]
tests/task_queue/test_queue.py::TestTaskQueueJobOps::test_abort_job_success PASSED [ 82%]
tests/task_queue/test_queue.py::TestTaskQueueJobOps::test_abort_job_failed PASSED [ 82%]
tests/task_queue/test_task.py::TestTaskDecorator::test_register_with_default_name PASSED [ 82%]
tests/task_queue/test_task.py::TestTaskDecorator::test_register_with_custom_name PASSED [ 83%]
tests/task_queue/test_task.py::TestTaskDecorator::test_register_with_meta PASSED [ 83%]
tests/task_queue/test_task.py::TestTaskDecorator::test_register_without_meta PASSED [ 83%]
tests/task_queue/test_task.py::TestTaskDecorator::test_duplicate_registration_logs_warning PASSED [ 83%]
tests/task_queue/test_task.py::TestRegistry::test_get_registry_returns_copy PASSED [ 84%]
tests/task_queue/test_task.py::TestRegistry::test_validate_task_name_registered PASSED [ 84%]
tests/task_queue/test_task.py::TestRegistry::test_validate_task_name_not_registered PASSED [ 84%]
tests/task_queue/test_task.py::TestRegistry::test_get_task_meta_not_found PASSED [ 84%]
tests/task_queue/test_worker.py::TestBuildSettings::test_collects_registered_tasks PASSED [ 84%]
tests/task_queue/test_worker.py::TestBuildSettings::test_applies_per_task_meta PASSED [ 85%]
tests/task_queue/test_worker.py::TestBuildSettings::test_settings_has_lifecycle_hooks PASSED [ 85%]
tests/task_queue/test_worker.py::TestBuildSettings::test_settings_config_values PASSED [ 85%]
tests/task_queue/test_worker.py::TestBuildSettings::test_custom_lifecycle_callbacks PASSED [ 85%]
tests/task_queue/test_worker.py::TestWorkerRunner::test_init_stores_config PASSED [ 86%]
tests/task_queue/test_worker.py::TestWorkerRunner::test_init_stores_callbacks PASSED [ 86%]
tests/task_queue/test_worker.py::TestWorkerRunner::test_run_burst PASSED [ 86%]
tests/test_fastapi/test_app.py::TestCreateApp::test_create_app_basic PASSED [ 86%]
tests/test_fastapi/test_app.py::TestCreateApp::test_create_app_with_debug PASSED [ 86%]
tests/test_fastapi/test_app.py::TestCreateApp::test_create_app_with_routers PASSED [ 87%]
tests/test_fastapi/test_app.py::TestCreateAppHealth::test_health_endpoint_exists PASSED [ 87%]
tests/test_fastapi/test_app.py::TestCreateAppHealth::test_health_ready_endpoint PASSED [ 87%]
tests/test_fastapi/test_app.py::TestCreateAppHealth::test_custom_health_prefix PASSED [ 87%]
tests/test_fastapi/test_app.py::TestCreateAppCors::test_cors_headers PASSED [ 88%]
tests/test_fastapi/test_app.py::TestCreateAppAuth::test_jwt_auth_enabled PASSED [ 88%]
tests/test_fastapi/test_app.py::TestCreateAppAuth::test_jwt_auth_with_login_endpoint PASSED [ 88%]
tests/test_fastapi/test_app.py::TestCreateAppAuth::test_api_key_auth_enabled PASSED [ 88%]
tests/test_fastapi/test_app.py::TestCreateAppAuth::test_no_auth PASSED   [ 88%]
tests/test_fastapi/test_app.py::TestCreateAppMiddleware::test_request_logging_enabled PASSED [ 89%]
tests/test_fastapi/test_app.py::TestCreateAppMiddleware::test_request_logging_disabled PASSED [ 89%]
tests/test_fastapi/test_app.py::TestCreateAppLifespan::test_lifespan_init_cache PASSED [ 89%]
tests/test_fastapi/test_app.py::TestCreateAppLifespan::test_lifespan_init_http_client PASSED [ 89%]
tests/test_fastapi/test_app.py::TestCreateAppLifespan::test_lifespan_init_task_queue PASSED [ 90%]
tests/test_fastapi/test_app.py::TestCreateAppLifespan::test_lifespan_init_multiple_services PASSED [ 90%]
tests/test_fastapi/test_app.py::TestCreateAppLifespan::test_services_stored_on_app_state PASSED [ 90%]
tests/test_fastapi/test_app.py::TestCreateAppLogger::test_log_config_triggers_setup PASSED [ 90%]
tests/test_fastapi/test_app.py::TestCreateAppLogger::test_no_log_config_skips_setup PASSED [ 90%]
tests/test_fastapi/test_auth.py::TestJWTAuthTokenCreation::test_create_token PASSED [ 91%]
tests/test_fastapi/test_auth.py::TestJWTAuthTokenCreation::test_create_token_with_custom_expiry PASSED [ 91%]
tests/test_fastapi/test_auth.py::TestJWTAuthTokenCreation::test_create_token_with_scopes PASSED [ 91%]
tests/test_fastapi/test_auth.py::TestJWTAuthGetUser::test_valid_token_returns_user PASSED [ 91%]
tests/test_fastapi/test_auth.py::TestJWTAuthGetUser::test_invalid_token_returns_401 PASSED [ 92%]
tests/test_fastapi/test_auth.py::TestJWTAuthGetUser::test_missing_user_returns_401 PASSED [ 92%]
tests/test_fastapi/test_auth.py::TestJWTAuthGetUser::test_no_sub_in_token_returns_401 PASSED [ 92%]
tests/test_fastapi/test_auth.py::TestJWTAuthScopes::test_matching_scope_passes PASSED [ 92%]
tests/test_fastapi/test_auth.py::TestJWTAuthScopes::test_missing_scope_returns_403 PASSED [ 92%]
tests/test_fastapi/test_auth.py::TestJWTAuthTokenRouter::test_token_endpoint_success PASSED [ 93%]
tests/test_fastapi/test_auth.py::TestJWTAuthTokenRouter::test_token_endpoint_failure PASSED [ 93%]
tests/test_fastapi/test_auth.py::TestJWTAuthTokenRouter::test_no_login_handler_no_endpoint PASSED [ 93%]
tests/test_fastapi/test_auth.py::TestApiKeyAuth::test_valid_api_key PASSED [ 93%]
tests/test_fastapi/test_auth.py::TestApiKeyAuth::test_invalid_api_key PASSED [ 94%]
tests/test_fastapi/test_auth.py::TestApiKeyAuth::test_missing_api_key PASSED [ 94%]
tests/test_fastapi/test_config.py::TestCorsConfig::test_default_values PASSED [ 94%]
tests/test_fastapi/test_config.py::TestCorsConfig::test_custom_values PASSED [ 94%]
tests/test_fastapi/test_config.py::TestAuthConfig::test_required_fields PASSED [ 94%]
tests/test_fastapi/test_config.py::TestAuthConfig::test_default_values PASSED [ 95%]
tests/test_fastapi/test_config.py::TestAuthConfig::test_api_keys_config PASSED [ 95%]
tests/test_fastapi/test_config.py::TestFastApiConfig::test_default_values PASSED [ 95%]
tests/test_fastapi/test_config.py::TestFastApiConfig::test_with_auth PASSED [ 95%]
tests/test_fastapi/test_config.py::TestFastApiConfig::test_custom_cors PASSED [ 96%]
tests/test_fastapi/test_config.py::TestFastApiConfig::test_default_log_is_none PASSED [ 96%]
tests/test_fastapi/test_config.py::TestFastApiConfig::test_with_log_config PASSED [ 96%]
tests/test_fastapi/test_health.py::TestHealthLiveness::test_liveness_returns_healthy PASSED [ 96%]
tests/test_fastapi/test_health.py::TestHealthLiveness::test_custom_prefix PASSED [ 96%]
tests/test_fastapi/test_health.py::TestHealthReadiness::test_readiness_no_services PASSED [ 97%]
tests/test_fastapi/test_health.py::TestHealthReadiness::test_readiness_with_healthy_service PASSED [ 97%]
tests/test_fastapi/test_health.py::TestHealthReadiness::test_readiness_with_unhealthy_service PASSED [ 97%]
tests/test_fastapi/test_health.py::TestHealthReadiness::test_readiness_service_exception PASSED [ 97%]
tests/test_fastapi/test_health.py::TestHealthReadiness::test_readiness_mixed_services PASSED [ 98%]
tests/test_fastapi/test_health.py::TestHealthReadiness::test_readiness_with_ping_service PASSED [ 98%]
tests/test_fastapi/test_middleware.py::TestAppError::test_app_error_attributes PASSED [ 98%]
tests/test_fastapi/test_middleware.py::TestAppError::test_app_error_is_exception PASSED [ 98%]
tests/test_fastapi/test_middleware.py::TestRequestLoggingMiddleware::test_request_id_in_response PASSED [ 98%]
tests/test_fastapi/test_middleware.py::TestRequestLoggingMiddleware::test_request_id_unique_per_request PASSED [ 99%]
tests/test_fastapi/test_middleware.py::TestSetupErrorHandlers::test_app_error_handler PASSED [ 99%]
tests/test_fastapi/test_middleware.py::TestSetupErrorHandlers::test_validation_error_handler PASSED [ 99%]
tests/test_fastapi/test_middleware.py::TestSetupErrorHandlers::test_generic_exception_handler PASSED [ 99%]
tests/test_fastapi/test_middleware.py::TestSetupErrorHandlers::test_normal_request_unaffected PASSED [100%]

=============================== warnings summary ===============================
../../miniconda3/lib/python3.13/site-packages/fastapi/testclient.py:1
  /home/lizy/miniconda3/lib/python3.13/site-packages/fastapi/testclient.py:1: StarletteDeprecationWarning: Using `httpx` with `starlette.testclient` is deprecated; install `httpx2` instead.
    from starlette.testclient import TestClient as TestClient  # noqa

tests/concurrency/test_concurrency.py::test_with_timeout_invalid_timeout
  /home/lizy/projects/LzyProjs/tests/concurrency/test_concurrency.py:229: RuntimeWarning: coroutine 'sleep' was never awaited
    with pytest.raises(ValueError):
  Enable tracemalloc to get traceback where the object was allocated.
  See https://docs.pytest.org/en/stable/how-to/capture-warnings.html#resource-warnings for more info.

tests/concurrency/test_concurrency.py::test_with_timeout_invalid_timeout
  /home/lizy/projects/LzyProjs/tests/concurrency/test_concurrency.py:232: RuntimeWarning: coroutine 'sleep' was never awaited
    with pytest.raises(ValueError):
  Enable tracemalloc to get traceback where the object was allocated.
  See https://docs.pytest.org/en/stable/how-to/capture-warnings.html#resource-warnings for more info.

-- Docs: https://docs.pytest.org/en/stable/how-to/capture-warnings.html
================= 449 passed, 1 skipped, 3 warnings in 11.93s ==================
